<?xml version="1.0" encoding="UTF-8"?>
<testsuite xmlns:xsi="http://www.w3.org/2001/XMLSchema-instance" xsi:noNamespaceSchemaLocation="https://maven.apache.org/surefire/maven-surefire-plugin/xsd/surefire-test-report-3.0.xsd" version="3.0" name="io.catalyst.bridge.enforcement.LimpModeTest" time="0.002" tests="19" errors="0" skipped="0" failures="0">
  <properties>
[...]
</properties>
  <testcase name="testFromGraceDays_Disabled_Day91" classname="io.catalyst.bridge.enforcement.LimpModeTest" time="0.0"/>
  <testcase name="testFromGraceDays_Negative" classname="io.catalyst.bridge.enforcement.LimpModeTest" time="0.0"/>
  <testcase name="testFromGraceDays_Status3_Day61" classname="io.catalyst.bridge.enforcement.LimpModeTest" time="0.0"/>
  <testcase name="testFromGraceDays_Status3_Day75" classname="io.catalyst.bridge.enforcement.LimpModeTest" time="0.0"/>
  <testcase name="testFromGraceDays_Status3_Day90" classname="io.catalyst.bridge.enforcement.LimpModeTest" time="0.0"/>
  <testcase name="testLevel" classname="io.catalyst.bridge.enforcement.LimpModeTest" time="0.0"/>
  <testcase name="testFromGraceDays_Disabled_Day100" classname="io.catalyst.bridge.enforcement.LimpModeTest" time="0.0"/>
  <testcase name="testIsDegraded" classname="io.catalyst.bridge.enforcement.LimpModeTest" time="0.0"/>
  <testcase name="testDelayMillis" classname="io.catalyst.bridge.enforcement.LimpModeTest" time="0.0"/>
  <testcase name="testHeadline" classname="io.catalyst.bridge.enforcement.LimpModeTest" time="0.0"/>
  <testcase name="testIsBlocked" classname="io.catalyst.bridge.enforcement.LimpModeTest" time="0.0"/>
  <testcase name="testIsEnforced" classname="io.catalyst.bridge.enforcement.LimpModeTest" time="0.0"/>
  <testcase name="testFromGraceDays_Zero" classname="io.catalyst.bridge.enforcement.LimpModeTest" time="0.0"/>
  <testcase name="testFromGraceDays_Status1_Day15" classname="io.catalyst.bridge.enforcement.LimpModeTest" time="0.0"/>
  <testcase name="testFromGraceDays_Status1_Day30" classname="io.catalyst.bridge.enforcement.LimpModeTest" time="0.0"/>
  <testcase name="testFromGraceDays_Status1_Day1" classname="io.catalyst.bridge.enforcement.LimpModeTest" time="0.0"/>
  <testcase name="testFromGraceDays_Status2_Day31" classname="io.catalyst.bridge.enforcement.LimpModeTest" time="0.0"/>
  <testcase name="testFromGraceDays_Status2_Day45" classname="io.catalyst.bridge.enforcement.LimpModeTest" time="0.0"/>
  <testcase name="testFromGraceDays_Status2_Day60" classname="io.catalyst.bridge.enforcement.LimpModeTest" time="0.0"/>
</testsuite>